This file contains any messages produced by compilers while
running configure, to aid debugging if configure makes a mistake.

It was created by configure, which was
generated by GNU Autoconf 2.69.  Invocation command line was

  $ ../configure 

## --------- ##
## Platform. ##
## --------- ##

hostname = debian
uname -m = i686
uname -r = 3.16.0-4-686-pae
uname -s = Linux
uname -v = #1 SMP Debian 3.16.7-ckt25-1 (2016-03-06)

/usr/bin/uname -p = unknown
/bin/uname -X     = unknown

/bin/arch              = unknown
/usr/bin/arch -k       = unknown
/usr/convex/getsysinfo = unknown
/usr/bin/hostinfo      = unknown
/bin/machine           = unknown
/usr/bin/oslevel       = unknown
/bin/universe          = unknown

PATH: /home/johnroper100/git-cl
PATH: /home/johnroper100/lilypond-git/scripts/auxiliar
PATH: /usr/local/bin
PATH: /usr/bin
PATH: /bin
PATH: /usr/local/games
PATH: /usr/games


## ----------- ##
## Core tests. ##
## ----------- ##

configure:2325: checking build system type
configure:2339: result: i686-pc-linux-gnu
configure:2359: checking host system type
configure:2372: result: i686-pc-linux-gnu
configure:2426: checking Package
configure:2451: result: LILYPOND
configure:2454: checking builddir
configure:2466: result: /home/johnroper100/lilypond-git/Documentation
configure:2469: checking for stepmake
configure:2477: result: ../stepmake  (${datarootdir}/stepmake not found)
configure:2551: checking for gmake
configure:2581: result: no
configure:2551: checking for make
configure:2567: found /usr/bin/make
configure:2578: result: make
configure:2701: checking for find
configure:2717: found /usr/bin/find
configure:2728: result: find
configure:2852: checking for tar
configure:2868: found /bin/tar
configure:2879: result: tar
configure:3132: checking for bash
configure:3163: result: /bin/bash
configure:3175: checking for python
configure:3263: result: python
configure:3266: checking python version
configure:3268: result: 2.7.9
configure:3278: checking for python
configure:3296: found /usr/bin/python
configure:3308: result: /usr/bin/python
configure:3582: checking for gcc
configure:3598: found /usr/bin/gcc
configure:3609: result: gcc
configure:3838: checking for C compiler version
configure:3847: gcc --version >&5
gcc (Debian 4.9.2-10) 4.9.2
Copyright (C) 2014 Free Software Foundation, Inc.
This is free software; see the source for copying conditions.  There is NO
warranty; not even for MERCHANTABILITY or FITNESS FOR A PARTICULAR PURPOSE.

configure:3858: $? = 0
configure:3847: gcc -v >&5
Using built-in specs.
COLLECT_GCC=gcc
COLLECT_LTO_WRAPPER=/usr/lib/gcc/i586-linux-gnu/4.9/lto-wrapper
Target: i586-linux-gnu
Configured with: ../src/configure -v --with-pkgversion='Debian 4.9.2-10' --with-bugurl=file:///usr/share/doc/gcc-4.9/README.Bugs --enable-languages=c,c++,java,go,d,fortran,objc,obj-c++ --prefix=/usr --program-suffix=-4.9 --enable-shared --enable-linker-build-id --libexecdir=/usr/lib --without-included-gettext --enable-threads=posix --with-gxx-include-dir=/usr/include/c++/4.9 --libdir=/usr/lib --enable-nls --with-sysroot=/ --enable-clocale=gnu --enable-libstdcxx-debug --enable-libstdcxx-time=yes --enable-gnu-unique-object --disable-vtable-verify --enable-plugin --with-system-zlib --disable-browser-plugin --enable-java-awt=gtk --enable-gtk-cairo --with-java-home=/usr/lib/jvm/java-1.5.0-gcj-4.9-i386/jre --enable-java-home --with-jvm-root-dir=/usr/lib/jvm/java-1.5.0-gcj-4.9-i386 --with-jvm-jar-dir=/usr/lib/jvm-exports/java-1.5.0-gcj-4.9-i386 --with-arch-directory=i386 --with-ecj-jar=/usr/share/java/eclipse-ecj.jar --enable-objc-gc --enable-targets=all --enable-multiarch --with-arch-32=i586 --with-multilib-list=m32,m64,mx32 --enable-multilib --with-tune=generic --enable-checking=release --build=i586-linux-gnu --host=i586-linux-gnu --target=i586-linux-gnu
Thread model: posix
gcc version 4.9.2 (Debian 4.9.2-10) 
configure:3858: $? = 0
configure:3847: gcc -V >&5
gcc: error: unrecognized command line option '-V'
gcc: fatal error: no input files
compilation terminated.
configure:3858: $? = 4
configure:3847: gcc -qversion >&5
gcc: error: unrecognized command line option '-qversion'
gcc: fatal error: no input files
compilation terminated.
configure:3858: $? = 4
configure:3878: checking whether the C compiler works
configure:3900: gcc    conftest.c  >&5
conftest.c:9:0: warning: "PACKAGE_NAME" redefined
 #define PACKAGE_NAME "LilyPond"
 ^
conftest.c:2:0: note: this is the location of the previous definition
 #define PACKAGE_NAME ""
 ^
configure:3904: $? = 0
configure:3952: result: yes
configure:3955: checking for C compiler default output file name
configure:3957: result: a.out
configure:3963: checking for suffix of executables
configure:3970: gcc -o conftest    conftest.c  >&5
conftest.c:9:0: warning: "PACKAGE_NAME" redefined
 #define PACKAGE_NAME "LilyPond"
 ^
conftest.c:2:0: note: this is the location of the previous definition
 #define PACKAGE_NAME ""
 ^
configure:3974: $? = 0
configure:3996: result: 
configure:4018: checking whether we are cross compiling
configure:4026: gcc -o conftest    conftest.c  >&5
conftest.c:9:0: warning: "PACKAGE_NAME" redefined
 #define PACKAGE_NAME "LilyPond"
 ^
conftest.c:2:0: note: this is the location of the previous definition
 #define PACKAGE_NAME ""
 ^
configure:4030: $? = 0
configure:4037: ./conftest
configure:4041: $? = 0
configure:4056: result: no
configure:4061: checking for suffix of object files
configure:4083: gcc -c   conftest.c >&5
conftest.c:9:0: warning: "PACKAGE_NAME" redefined
 #define PACKAGE_NAME "LilyPond"
 ^
conftest.c:2:0: note: this is the location of the previous definition
 #define PACKAGE_NAME ""
 ^
configure:4087: $? = 0
configure:4108: result: o
configure:4112: checking whether we are using the GNU C compiler
configure:4131: gcc -c   conftest.c >&5
conftest.c:9:0: warning: "PACKAGE_NAME" redefined
 #define PACKAGE_NAME "LilyPond"
 ^
conftest.c:2:0: note: this is the location of the previous definition
 #define PACKAGE_NAME ""
 ^
configure:4131: $? = 0
configure:4140: result: yes
configure:4149: checking whether gcc accepts -g
configure:4169: gcc -c -g  conftest.c >&5
conftest.c:9:0: warning: "PACKAGE_NAME" redefined
 #define PACKAGE_NAME "LilyPond"
 ^
conftest.c:2:0: note: this is the location of the previous definition
 #define PACKAGE_NAME ""
 ^
configure:4169: $? = 0
configure: failed program was:
| /* confdefs.h */
| #define PACKAGE_NAME ""
| #define PACKAGE_TARNAME ""
| #define PACKAGE_VERSION ""
| #define PACKAGE_STRING ""
| #define PACKAGE_BUGREPORT ""
| #define PACKAGE_URL ""
| #define PACKAGE "lilypond"
| #define PACKAGE_NAME "LilyPond"
| #define TOPLEVEL_VERSION "2.19.52"
| #define DIRSEP '/'
| #define PATHSEP ':'
| #define DATADIR "/usr/local/share"
| #define BUILD_PACKAGE_DATADIR "/home/johnroper100/lilypond-git/Documentation/out/share/lilypond"
| #define LIBDIR "/usr/local/lib"
| #define BUILD_PACKAGE_LIBDIR "/home/johnroper100/lilypond-git/Documentation/out/lib/lilypond"
| /* end confdefs.h.  */
| 
| int
| main ()
| {
| 
|   ;
|   return 0;
| }
configure:4184: gcc -c   conftest.c >&5
conftest.c:9:0: warning: "PACKAGE_NAME" redefined
 #define PACKAGE_NAME "LilyPond"
 ^
conftest.c:2:0: note: this is the location of the previous definition
 #define PACKAGE_NAME ""
 ^
configure:4184: $? = 0
configure: failed program was:
| /* confdefs.h */
| #define PACKAGE_NAME ""
| #define PACKAGE_TARNAME ""
| #define PACKAGE_VERSION ""
| #define PACKAGE_STRING ""
| #define PACKAGE_BUGREPORT ""
| #define PACKAGE_URL ""
| #define PACKAGE "lilypond"
| #define PACKAGE_NAME "LilyPond"
| #define TOPLEVEL_VERSION "2.19.52"
| #define DIRSEP '/'
| #define PATHSEP ':'
| #define DATADIR "/usr/local/share"
| #define BUILD_PACKAGE_DATADIR "/home/johnroper100/lilypond-git/Documentation/out/share/lilypond"
| #define LIBDIR "/usr/local/lib"
| #define BUILD_PACKAGE_LIBDIR "/home/johnroper100/lilypond-git/Documentation/out/lib/lilypond"
| /* end confdefs.h.  */
| 
| int
| main ()
| {
| 
|   ;
|   return 0;
| }
configure:4200: gcc -c -g  conftest.c >&5
conftest.c:9:0: warning: "PACKAGE_NAME" redefined
 #define PACKAGE_NAME "LilyPond"
 ^
conftest.c:2:0: note: this is the location of the previous definition
 #define PACKAGE_NAME ""
 ^
configure:4200: $? = 0
configure:4210: result: yes
configure:4227: checking for gcc option to accept ISO C89
configure:4290: gcc  -c   conftest.c >&5
conftest.c:9:0: warning: "PACKAGE_NAME" redefined
 #define PACKAGE_NAME "LilyPond"
 ^
conftest.c:2:0: note: this is the location of the previous definition
 #define PACKAGE_NAME ""
 ^
configure:4290: $? = 0
configure:4303: result: none needed
configure:4361: checking whether compiler understands -pipe
configure:4378: gcc -c  -pipe   conftest.c >&5
conftest.c:9:0: warning: "PACKAGE_NAME" redefined
 #define PACKAGE_NAME "LilyPond"
 ^
conftest.c:2:0: note: this is the location of the previous definition
 #define PACKAGE_NAME ""
 ^
configure:4378: $? = 0
configure:4385: result: yes
configure:4396: checking for IEEE-conformance compiler flags
configure:4406: result: none
configure:4421: checking for fc-list
configure:4437: found /usr/bin/fc-list
configure:4448: result: fc-list
configure:4456: checking for TeX Gyre fonts OTF files
configure:4528: result: yes
configure:4531: checking for URW++ OTF files
configure:4582: result: no
configure:4615: checking for python
configure:4703: result: /usr/bin/python
configure:4706: checking /usr/bin/python version
configure:4708: result: 2.7.9
configure:4718: checking for /usr/bin/python
configure:4748: result: /usr/bin/python
configure:4820: checking for g++
configure:4836: found /usr/bin/g++
configure:4847: result: g++
configure:4874: checking for C++ compiler version
configure:4883: g++ --version >&5
g++ (Debian 4.9.2-10) 4.9.2
Copyright (C) 2014 Free Software Foundation, Inc.
This is free software; see the source for copying conditions.  There is NO
warranty; not even for MERCHANTABILITY or FITNESS FOR A PARTICULAR PURPOSE.

configure:4894: $? = 0
configure:4883: g++ -v >&5
Using built-in specs.
COLLECT_GCC=g++
COLLECT_LTO_WRAPPER=/usr/lib/gcc/i586-linux-gnu/4.9/lto-wrapper
Target: i586-linux-gnu
Configured with: ../src/configure -v --with-pkgversion='Debian 4.9.2-10' --with-bugurl=file:///usr/share/doc/gcc-4.9/README.Bugs --enable-languages=c,c++,java,go,d,fortran,objc,obj-c++ --prefix=/usr --program-suffix=-4.9 --enable-shared --enable-linker-build-id --libexecdir=/usr/lib --without-included-gettext --enable-threads=posix --with-gxx-include-dir=/usr/include/c++/4.9 --libdir=/usr/lib --enable-nls --with-sysroot=/ --enable-clocale=gnu --enable-libstdcxx-debug --enable-libstdcxx-time=yes --enable-gnu-unique-object --disable-vtable-verify --enable-plugin --with-system-zlib --disable-browser-plugin --enable-java-awt=gtk --enable-gtk-cairo --with-java-home=/usr/lib/jvm/java-1.5.0-gcj-4.9-i386/jre --enable-java-home --with-jvm-root-dir=/usr/lib/jvm/java-1.5.0-gcj-4.9-i386 --with-jvm-jar-dir=/usr/lib/jvm-exports/java-1.5.0-gcj-4.9-i386 --with-arch-directory=i386 --with-ecj-jar=/usr/share/java/eclipse-ecj.jar --enable-objc-gc --enable-targets=all --enable-multiarch --with-arch-32=i586 --with-multilib-list=m32,m64,mx32 --enable-multilib --with-tune=generic --enable-checking=release --build=i586-linux-gnu --host=i586-linux-gnu --target=i586-linux-gnu
Thread model: posix
gcc version 4.9.2 (Debian 4.9.2-10) 
configure:4894: $? = 0
configure:4883: g++ -V >&5
g++: error: unrecognized command line option '-V'
g++: fatal error: no input files
compilation terminated.
configure:4894: $? = 4
configure:4883: g++ -qversion >&5
g++: error: unrecognized command line option '-qversion'
g++: fatal error: no input files
compilation terminated.
configure:4894: $? = 4
configure:4898: checking whether we are using the GNU C++ compiler
configure:4917: g++ -c   conftest.cpp >&5
conftest.cpp:9:0: warning: "PACKAGE_NAME" redefined
 #define PACKAGE_NAME "LilyPond"
 ^
conftest.cpp:2:0: note: this is the location of the previous definition
 #define PACKAGE_NAME ""
 ^
configure:4917: $? = 0
configure:4926: result: yes
configure:4935: checking whether g++ accepts -g
configure:4955: g++ -c -g  conftest.cpp >&5
conftest.cpp:9:0: warning: "PACKAGE_NAME" redefined
 #define PACKAGE_NAME "LilyPond"
 ^
conftest.cpp:2:0: note: this is the location of the previous definition
 #define PACKAGE_NAME ""
 ^
configure:4955: $? = 0
configure: failed program was:
| /* confdefs.h */
| #define PACKAGE_NAME ""
| #define PACKAGE_TARNAME ""
| #define PACKAGE_VERSION ""
| #define PACKAGE_STRING ""
| #define PACKAGE_BUGREPORT ""
| #define PACKAGE_URL ""
| #define PACKAGE "lilypond"
| #define PACKAGE_NAME "LilyPond"
| #define TOPLEVEL_VERSION "2.19.52"
| #define DIRSEP '/'
| #define PATHSEP ':'
| #define DATADIR "/usr/local/share"
| #define BUILD_PACKAGE_DATADIR "/home/johnroper100/lilypond-git/Documentation/out/share/lilypond"
| #define LIBDIR "/usr/local/lib"
| #define BUILD_PACKAGE_LIBDIR "/home/johnroper100/lilypond-git/Documentation/out/lib/lilypond"
| /* end confdefs.h.  */
| 
| int
| main ()
| {
| 
|   ;
|   return 0;
| }
configure:4970: g++ -c   conftest.cpp >&5
conftest.cpp:9:0: warning: "PACKAGE_NAME" redefined
 #define PACKAGE_NAME "LilyPond"
 ^
conftest.cpp:2:0: note: this is the location of the previous definition
 #define PACKAGE_NAME ""
 ^
configure:4970: $? = 0
configure: failed program was:
| /* confdefs.h */
| #define PACKAGE_NAME ""
| #define PACKAGE_TARNAME ""
| #define PACKAGE_VERSION ""
| #define PACKAGE_STRING ""
| #define PACKAGE_BUGREPORT ""
| #define PACKAGE_URL ""
| #define PACKAGE "lilypond"
| #define PACKAGE_NAME "LilyPond"
| #define TOPLEVEL_VERSION "2.19.52"
| #define DIRSEP '/'
| #define PATHSEP ':'
| #define DATADIR "/usr/local/share"
| #define BUILD_PACKAGE_DATADIR "/home/johnroper100/lilypond-git/Documentation/out/share/lilypond"
| #define LIBDIR "/usr/local/lib"
| #define BUILD_PACKAGE_LIBDIR "/home/johnroper100/lilypond-git/Documentation/out/lib/lilypond"
| /* end confdefs.h.  */
| 
| int
| main ()
| {
| 
|   ;
|   return 0;
| }
configure:4986: g++ -c -g  conftest.cpp >&5
conftest.cpp:9:0: warning: "PACKAGE_NAME" redefined
 #define PACKAGE_NAME "LilyPond"
 ^
conftest.cpp:2:0: note: this is the location of the previous definition
 #define PACKAGE_NAME ""
 ^
configure:4986: $? = 0
configure:4996: result: yes
configure:5025: checking how to run the C++ preprocessor
configure:5052: g++ -E  conftest.cpp
conftest.cpp:9:0: warning: "PACKAGE_NAME" redefined
 #define PACKAGE_NAME "LilyPond"
 ^
conftest.cpp:2:0: note: this is the location of the previous definition
 #define PACKAGE_NAME ""
 ^
configure:5052: $? = 0
configure:5066: g++ -E  conftest.cpp
conftest.cpp:9:0: warning: "PACKAGE_NAME" redefined
 #define PACKAGE_NAME "LilyPond"
 ^
conftest.cpp:2:0: note: this is the location of the previous definition
 #define PACKAGE_NAME ""
 ^
conftest.cpp:18:28: fatal error: ac_nonexistent.h: No such file or directory
 #include <ac_nonexistent.h>
                            ^
compilation terminated.
configure:5066: $? = 1
configure: failed program was:
| /* confdefs.h */
| #define PACKAGE_NAME ""
| #define PACKAGE_TARNAME ""
| #define PACKAGE_VERSION ""
| #define PACKAGE_STRING ""
| #define PACKAGE_BUGREPORT ""
| #define PACKAGE_URL ""
| #define PACKAGE "lilypond"
| #define PACKAGE_NAME "LilyPond"
| #define TOPLEVEL_VERSION "2.19.52"
| #define DIRSEP '/'
| #define PATHSEP ':'
| #define DATADIR "/usr/local/share"
| #define BUILD_PACKAGE_DATADIR "/home/johnroper100/lilypond-git/Documentation/out/share/lilypond"
| #define LIBDIR "/usr/local/lib"
| #define BUILD_PACKAGE_LIBDIR "/home/johnroper100/lilypond-git/Documentation/out/lib/lilypond"
| /* end confdefs.h.  */
| #include <ac_nonexistent.h>
configure:5091: result: g++ -E
configure:5111: g++ -E  conftest.cpp
conftest.cpp:9:0: warning: "PACKAGE_NAME" redefined
 #define PACKAGE_NAME "LilyPond"
 ^
conftest.cpp:2:0: note: this is the location of the previous definition
 #define PACKAGE_NAME ""
 ^
configure:5111: $? = 0
configure:5125: g++ -E  conftest.cpp
conftest.cpp:9:0: warning: "PACKAGE_NAME" redefined
 #define PACKAGE_NAME "LilyPond"
 ^
conftest.cpp:2:0: note: this is the location of the previous definition
 #define PACKAGE_NAME ""
 ^
conftest.cpp:18:28: fatal error: ac_nonexistent.h: No such file or directory
 #include <ac_nonexistent.h>
                            ^
compilation terminated.
configure:5125: $? = 1
configure: failed program was:
| /* confdefs.h */
| #define PACKAGE_NAME ""
| #define PACKAGE_TARNAME ""
| #define PACKAGE_VERSION ""
| #define PACKAGE_STRING ""
| #define PACKAGE_BUGREPORT ""
| #define PACKAGE_URL ""
| #define PACKAGE "lilypond"
| #define PACKAGE_NAME "LilyPond"
| #define TOPLEVEL_VERSION "2.19.52"
| #define DIRSEP '/'
| #define PATHSEP ':'
| #define DATADIR "/usr/local/share"
| #define BUILD_PACKAGE_DATADIR "/home/johnroper100/lilypond-git/Documentation/out/share/lilypond"
| #define LIBDIR "/usr/local/lib"
| #define BUILD_PACKAGE_LIBDIR "/home/johnroper100/lilypond-git/Documentation/out/lib/lilypond"
| /* end confdefs.h.  */
| #include <ac_nonexistent.h>
configure:5154: checking for grep that handles long lines and -e
configure:5212: result: /bin/grep
configure:5217: checking for egrep
configure:5279: result: /bin/grep -E
conftest.cpp:9:0: warning: "PACKAGE_NAME" redefined
 #define PACKAGE_NAME "LilyPond"
 ^
conftest.cpp:2:0: note: this is the location of the previous definition
 #define PACKAGE_NAME ""
 ^
configure:5306: checking gcc version
configure:5370: result: 4.9.2
configure:5504: checking for C++ compiler version
configure:5513: g++ --version >&5
g++ (Debian 4.9.2-10) 4.9.2
Copyright (C) 2014 Free Software Foundation, Inc.
This is free software; see the source for copying conditions.  There is NO
warranty; not even for MERCHANTABILITY or FITNESS FOR A PARTICULAR PURPOSE.

configure:5524: $? = 0
configure:5513: g++ -v >&5
Using built-in specs.
COLLECT_GCC=g++
COLLECT_LTO_WRAPPER=/usr/lib/gcc/i586-linux-gnu/4.9/lto-wrapper
Target: i586-linux-gnu
Configured with: ../src/configure -v --with-pkgversion='Debian 4.9.2-10' --with-bugurl=file:///usr/share/doc/gcc-4.9/README.Bugs --enable-languages=c,c++,java,go,d,fortran,objc,obj-c++ --prefix=/usr --program-suffix=-4.9 --enable-shared --enable-linker-build-id --libexecdir=/usr/lib --without-included-gettext --enable-threads=posix --with-gxx-include-dir=/usr/include/c++/4.9 --libdir=/usr/lib --enable-nls --with-sysroot=/ --enable-clocale=gnu --enable-libstdcxx-debug --enable-libstdcxx-time=yes --enable-gnu-unique-object --disable-vtable-verify --enable-plugin --with-system-zlib --disable-browser-plugin --enable-java-awt=gtk --enable-gtk-cairo --with-java-home=/usr/lib/jvm/java-1.5.0-gcj-4.9-i386/jre --enable-java-home --with-jvm-root-dir=/usr/lib/jvm/java-1.5.0-gcj-4.9-i386 --with-jvm-jar-dir=/usr/lib/jvm-exports/java-1.5.0-gcj-4.9-i386 --with-arch-directory=i386 --with-ecj-jar=/usr/share/java/eclipse-ecj.jar --enable-objc-gc --enable-targets=all --enable-multiarch --with-arch-32=i586 --with-multilib-list=m32,m64,mx32 --enable-multilib --with-tune=generic --enable-checking=release --build=i586-linux-gnu --host=i586-linux-gnu --target=i586-linux-gnu
Thread model: posix
gcc version 4.9.2 (Debian 4.9.2-10) 
configure:5524: $? = 0
configure:5513: g++ -V >&5
g++: error: unrecognized command line option '-V'
g++: fatal error: no input files
compilation terminated.
configure:5524: $? = 4
configure:5513: g++ -qversion >&5
g++: error: unrecognized command line option '-qversion'
g++: fatal error: no input files
compilation terminated.
configure:5524: $? = 4
configure:5528: checking whether we are using the GNU C++ compiler
configure:5556: result: yes
configure:5565: checking whether g++ accepts -g
configure:5626: result: yes
conftest.cpp:9:0: warning: "PACKAGE_NAME" redefined
 #define PACKAGE_NAME "LilyPond"
 ^
conftest.cpp:2:0: note: this is the location of the previous definition
 #define PACKAGE_NAME ""
 ^
configure:5703: checking g++ version
configure:5767: result: 4.9.2
configure:5788: checking options for known g++ bugs
configure:5801: result: none
configure:5807: checking whether explicit instantiation is needed
configure:5872: g++ -o conftest   -O2 -finline-functions -g -pipe   conftest.cpp  >&5
conftest.cpp:9:0: warning: "PACKAGE_NAME" redefined
 #define PACKAGE_NAME "LilyPond"
 ^
conftest.cpp:2:0: note: this is the location of the previous definition
 #define PACKAGE_NAME ""
 ^
configure:5872: $? = 0
configure:5880: result: no
configure:5888: checking for stl.data () method
configure:5909: g++ -c   -O2 -finline-functions -g -pipe  conftest.cpp >&5
conftest.cpp:9:0: warning: "PACKAGE_NAME" redefined
 #define PACKAGE_NAME "LilyPond"
 ^
conftest.cpp:2:0: note: this is the location of the previous definition
 #define PACKAGE_NAME ""
 ^
configure:5909: $? = 0
configure:5916: result: yes
configure:5930: checking for ar
configure:5946: found /usr/bin/ar
configure:5957: result: ar
configure:6118: checking for ranlib
configure:6134: found /usr/bin/ranlib
configure:6145: result: ranlib
configure:6195: checking for dlopen in -ldl
configure:6220: g++ -o conftest   -O2 -finline-functions -g -pipe   conftest.cpp -ldl   >&5
conftest.cpp:9:0: warning: "PACKAGE_NAME" redefined
 #define PACKAGE_NAME "LilyPond"
 ^
conftest.cpp:2:0: note: this is the location of the previous definition
 #define PACKAGE_NAME ""
 ^
configure:6220: $? = 0
configure:6229: result: yes
configure:6242: checking for dlopen
configure:6242: g++ -o conftest   -O2 -finline-functions -g -pipe   conftest.cpp -ldl  >&5
conftest.cpp:9:0: warning: "PACKAGE_NAME" redefined
 #define PACKAGE_NAME "LilyPond"
 ^
conftest.cpp:2:0: note: this is the location of the previous definition
 #define PACKAGE_NAME ""
 ^
configure:6242: $? = 0
configure:6242: result: yes
configure:6260: checking for bison
configure:6276: found /usr/bin/bison
configure:6287: result: bison -y
configure:6305: checking for bison
configure:6321: found /usr/bin/bison
configure:6332: result: bison
configure:6455: checking bison version
configure:6519: result: 3.0.2
configure:6545: checking for flex
configure:6561: found /usr/bin/flex
configure:6572: result: flex
configure:6691: checking for ANSI C header files
configure:6711: g++ -c   -O2 -finline-functions -g -pipe  conftest.cpp >&5
conftest.cpp:9:0: warning: "PACKAGE_NAME" redefined
 #define PACKAGE_NAME "LilyPond"
 ^
conftest.cpp:2:0: note: this is the location of the previous definition
 #define PACKAGE_NAME ""
 ^
configure:6711: $? = 0
conftest.cpp:9:0: warning: "PACKAGE_NAME" redefined
 #define PACKAGE_NAME "LilyPond"
 ^
conftest.cpp:2:0: note: this is the location of the previous definition
 #define PACKAGE_NAME ""
 ^
conftest.cpp:9:0: warning: "PACKAGE_NAME" redefined
 #define PACKAGE_NAME "LilyPond"
 ^
conftest.cpp:2:0: note: this is the location of the previous definition
 #define PACKAGE_NAME ""
 ^
configure:6784: g++ -o conftest   -O2 -finline-functions -g -pipe   conftest.cpp -ldl  >&5
conftest.cpp:9:0: warning: "PACKAGE_NAME" redefined
 #define PACKAGE_NAME "LilyPond"
 ^
conftest.cpp:2:0: note: this is the location of the previous definition
 #define PACKAGE_NAME ""
 ^
configure:6784: $? = 0
configure:6784: ./conftest
configure:6784: $? = 0
configure:6795: result: yes
configure:6808: checking for sys/types.h
configure:6808: g++ -c   -O2 -finline-functions -g -pipe  conftest.cpp >&5
conftest.cpp:9:0: warning: "PACKAGE_NAME" redefined
 #define PACKAGE_NAME "LilyPond"
 ^
conftest.cpp:2:0: note: this is the location of the previous definition
 #define PACKAGE_NAME ""
 ^
configure:6808: $? = 0
configure:6808: result: yes
configure:6808: checking for sys/stat.h
configure:6808: g++ -c   -O2 -finline-functions -g -pipe  conftest.cpp >&5
conftest.cpp:9:0: warning: "PACKAGE_NAME" redefined
 #define PACKAGE_NAME "LilyPond"
 ^
conftest.cpp:2:0: note: this is the location of the previous definition
 #define PACKAGE_NAME ""
 ^
configure:6808: $? = 0
configure:6808: result: yes
configure:6808: checking for stdlib.h
configure:6808: g++ -c   -O2 -finline-functions -g -pipe  conftest.cpp >&5
conftest.cpp:9:0: warning: "PACKAGE_NAME" redefined
 #define PACKAGE_NAME "LilyPond"
 ^
conftest.cpp:2:0: note: this is the location of the previous definition
 #define PACKAGE_NAME ""
 ^
configure:6808: $? = 0
configure:6808: result: yes
configure:6808: checking for string.h
configure:6808: g++ -c   -O2 -finline-functions -g -pipe  conftest.cpp >&5
conftest.cpp:9:0: warning: "PACKAGE_NAME" redefined
 #define PACKAGE_NAME "LilyPond"
 ^
conftest.cpp:2:0: note: this is the location of the previous definition
 #define PACKAGE_NAME ""
 ^
configure:6808: $? = 0
configure:6808: result: yes
configure:6808: checking for memory.h
configure:6808: g++ -c   -O2 -finline-functions -g -pipe  conftest.cpp >&5
conftest.cpp:9:0: warning: "PACKAGE_NAME" redefined
 #define PACKAGE_NAME "LilyPond"
 ^
conftest.cpp:2:0: note: this is the location of the previous definition
 #define PACKAGE_NAME ""
 ^
configure:6808: $? = 0
configure:6808: result: yes
configure:6808: checking for strings.h
configure:6808: g++ -c   -O2 -finline-functions -g -pipe  conftest.cpp >&5
conftest.cpp:9:0: warning: "PACKAGE_NAME" redefined
 #define PACKAGE_NAME "LilyPond"
 ^
conftest.cpp:2:0: note: this is the location of the previous definition
 #define PACKAGE_NAME ""
 ^
configure:6808: $? = 0
configure:6808: result: yes
configure:6808: checking for inttypes.h
configure:6808: g++ -c   -O2 -finline-functions -g -pipe  conftest.cpp >&5
conftest.cpp:9:0: warning: "PACKAGE_NAME" redefined
 #define PACKAGE_NAME "LilyPond"
 ^
conftest.cpp:2:0: note: this is the location of the previous definition
 #define PACKAGE_NAME ""
 ^
configure:6808: $? = 0
configure:6808: result: yes
configure:6808: checking for stdint.h
configure:6808: g++ -c   -O2 -finline-functions -g -pipe  conftest.cpp >&5
conftest.cpp:9:0: warning: "PACKAGE_NAME" redefined
 #define PACKAGE_NAME "LilyPond"
 ^
conftest.cpp:2:0: note: this is the location of the previous definition
 #define PACKAGE_NAME ""
 ^
configure:6808: $? = 0
configure:6808: result: yes
configure:6808: checking for unistd.h
configure:6808: g++ -c   -O2 -finline-functions -g -pipe  conftest.cpp >&5
conftest.cpp:9:0: warning: "PACKAGE_NAME" redefined
 #define PACKAGE_NAME "LilyPond"
 ^
conftest.cpp:2:0: note: this is the location of the previous definition
 #define PACKAGE_NAME ""
 ^
configure:6808: $? = 0
configure:6808: result: yes
configure:6823: checking FlexLexer.h usability
configure:6823: g++ -c   -O2 -finline-functions -g -pipe  conftest.cpp >&5
conftest.cpp:9:0: warning: "PACKAGE_NAME" redefined
 #define PACKAGE_NAME "LilyPond"
 ^
conftest.cpp:2:0: note: this is the location of the previous definition
 #define PACKAGE_NAME ""
 ^
configure:6823: $? = 0
configure:6823: result: yes
configure:6823: checking FlexLexer.h presence
configure:6823: g++ -E  conftest.cpp
conftest.cpp:9:0: warning: "PACKAGE_NAME" redefined
 #define PACKAGE_NAME "LilyPond"
 ^
conftest.cpp:2:0: note: this is the location of the previous definition
 #define PACKAGE_NAME ""
 ^
configure:6823: $? = 0
configure:6823: result: yes
configure:6823: checking for FlexLexer.h
configure:6823: result: yes
configure:6843: checking for yyFlexLexer.yy_current_buffer
configure:6870: g++ -c   -O2 -finline-functions -g -pipe  conftest.cpp >&5
conftest.cpp:9:0: warning: "PACKAGE_NAME" redefined
 #define PACKAGE_NAME "LilyPond"
 ^
conftest.cpp:2:0: note: this is the location of the previous definition
 #define PACKAGE_NAME ""
 ^
conftest.cpp: In constructor 'yy_flex_lexer::yy_flex_lexer()':
conftest.cpp:40:7: error: 'yy_current_buffer' was not declared in this scope
       yy_current_buffer = 0;
       ^
configure:6870: $? = 1
configure: failed program was:
| /* confdefs.h */
| #define PACKAGE_NAME ""
| #define PACKAGE_TARNAME ""
| #define PACKAGE_VERSION ""
| #define PACKAGE_STRING ""
| #define PACKAGE_BUGREPORT ""
| #define PACKAGE_URL ""
| #define PACKAGE "lilypond"
| #define PACKAGE_NAME "LilyPond"
| #define TOPLEVEL_VERSION "2.19.52"
| #define DIRSEP '/'
| #define PATHSEP ':'
| #define DATADIR "/usr/local/share"
| #define BUILD_PACKAGE_DATADIR "/home/johnroper100/lilypond-git/Documentation/out/share/lilypond"
| #define LIBDIR "/usr/local/lib"
| #define BUILD_PACKAGE_LIBDIR "/home/johnroper100/lilypond-git/Documentation/out/lib/lilypond"
| #define HAVE_STL_DATA_METHOD 1
| #define HAVE_LIBDL 1
| #define HAVE_DLOPEN 1
| #define STDC_HEADERS 1
| #define HAVE_SYS_TYPES_H 1
| #define HAVE_SYS_STAT_H 1
| #define HAVE_STDLIB_H 1
| #define HAVE_STRING_H 1
| #define HAVE_MEMORY_H 1
| #define HAVE_STRINGS_H 1
| #define HAVE_INTTYPES_H 1
| #define HAVE_STDINT_H 1
| #define HAVE_UNISTD_H 1
| #define HAVE_FLEXLEXER_H 1
| /* end confdefs.h.  */
| 
| using namespace std;
| #include <FlexLexer.h>
| class yy_flex_lexer: public yyFlexLexer
| {
|   public:
|     yy_flex_lexer ()
|     {
|       yy_current_buffer = 0;
|     }
| };
| 
| int
| main ()
| {
| 
|   ;
|   return 0;
| }
configure:6877: result: no
configure:6886: checking FlexLexer.h location
configure:6899: result: /usr/include/FlexLexer.h
configure:6925: checking language
configure:6937: result: English
configure:6961: checking for gettext in -lintl
configure:6986: g++ -o conftest   -O2 -finline-functions -g -pipe   conftest.cpp -lintl  -ldl  >&5
conftest.cpp:9:0: warning: "PACKAGE_NAME" redefined
 #define PACKAGE_NAME "LilyPond"
 ^
conftest.cpp:2:0: note: this is the location of the previous definition
 #define PACKAGE_NAME ""
 ^
/usr/bin/ld: cannot find -lintl
collect2: error: ld returned 1 exit status
configure:6986: $? = 1
configure: failed program was:
| /* confdefs.h */
| #define PACKAGE_NAME ""
| #define PACKAGE_TARNAME ""
| #define PACKAGE_VERSION ""
| #define PACKAGE_STRING ""
| #define PACKAGE_BUGREPORT ""
| #define PACKAGE_URL ""
| #define PACKAGE "lilypond"
| #define PACKAGE_NAME "LilyPond"
| #define TOPLEVEL_VERSION "2.19.52"
| #define DIRSEP '/'
| #define PATHSEP ':'
| #define DATADIR "/usr/local/share"
| #define BUILD_PACKAGE_DATADIR "/home/johnroper100/lilypond-git/Documentation/out/share/lilypond"
| #define LIBDIR "/usr/local/lib"
| #define BUILD_PACKAGE_LIBDIR "/home/johnroper100/lilypond-git/Documentation/out/lib/lilypond"
| #define HAVE_STL_DATA_METHOD 1
| #define HAVE_LIBDL 1
| #define HAVE_DLOPEN 1
| #define STDC_HEADERS 1
| #define HAVE_SYS_TYPES_H 1
| #define HAVE_SYS_STAT_H 1
| #define HAVE_STDLIB_H 1
| #define HAVE_STRING_H 1
| #define HAVE_MEMORY_H 1
| #define HAVE_STRINGS_H 1
| #define HAVE_INTTYPES_H 1
| #define HAVE_STDINT_H 1
| #define HAVE_UNISTD_H 1
| #define HAVE_FLEXLEXER_H 1
| #define LOCALEDIR "/usr/local/share/locale"
| /* end confdefs.h.  */
| 
| /* Override any GCC internal prototype to avoid an error.
|    Use char because int might match the return type of a GCC
|    builtin and then its argument prototype would still apply.  */
| #ifdef __cplusplus
| extern "C"
| #endif
| char gettext ();
| int
| main ()
| {
| return gettext ();
|   ;
|   return 0;
| }
configure:6995: result: no
configure:7008: checking for gettext
configure:7008: g++ -o conftest   -O2 -finline-functions -g -pipe   conftest.cpp -ldl  >&5
conftest.cpp:9:0: warning: "PACKAGE_NAME" redefined
 #define PACKAGE_NAME "LilyPond"
 ^
conftest.cpp:2:0: note: this is the location of the previous definition
 #define PACKAGE_NAME ""
 ^
configure:7008: $? = 0
configure:7008: result: yes
configure:7024: checking for msgfmt
configure:7040: found /usr/bin/msgfmt
configure:7051: result: msgfmt
configure:7176: checking for mf-nowin
configure:7192: found /usr/bin/mf-nowin
configure:7203: result: mf-nowin
configure:7326: checking for mpost
configure:7342: found /usr/bin/mpost
configure:7353: result: mpost
configure:7522: checking for working metafont mode
configure:7531: result: ljfour
configure:7544: checking for kpsewhich
configure:7560: found /usr/bin/kpsewhich
configure:7571: result: kpsewhich
configure:7690: checking for metapost required files
configure:7702: result: yes
configure:7947: checking for guile-config
configure:8035: result: guile-config
configure:8038: checking guile-config version
configure:8040: result: 1.8.8
configure:8067: checking guile compile flags
configure:8070: result:   
configure:8072: checking guile link flags
configure:8075: result:    -lguile -lltdl -lgmp -lcrypt -lm -lltdl
configure:8087: checking libguile.h usability
configure:8087: g++ -c   -O2 -finline-functions -g -pipe     conftest.cpp >&5
conftest.cpp:9:0: warning: "PACKAGE_NAME" redefined
 #define PACKAGE_NAME "LilyPond"
 ^
conftest.cpp:2:0: note: this is the location of the previous definition
 #define PACKAGE_NAME ""
 ^
configure:8087: $? = 0
configure:8087: result: yes
configure:8087: checking libguile.h presence
configure:8087: g++ -E     conftest.cpp
conftest.cpp:9:0: warning: "PACKAGE_NAME" redefined
 #define PACKAGE_NAME "LilyPond"
 ^
conftest.cpp:2:0: note: this is the location of the previous definition
 #define PACKAGE_NAME ""
 ^
configure:8087: $? = 0
configure:8087: result: yes
configure:8087: checking for libguile.h
configure:8087: result: yes
configure:8097: checking for scm_boot_guile in -lguile
configure:8122: g++ -o conftest   -O2 -finline-functions -g -pipe      conftest.cpp -lguile     -lguile -lltdl -lgmp -lcrypt -lm -lltdl -ldl  >&5
conftest.cpp:9:0: warning: "PACKAGE_NAME" redefined
 #define PACKAGE_NAME "LilyPond"
 ^
conftest.cpp:2:0: note: this is the location of the previous definition
 #define PACKAGE_NAME ""
 ^
configure:8122: $? = 0
configure:8131: result: yes
configure:8144: checking for scm_boot_guile
configure:8144: g++ -o conftest   -O2 -finline-functions -g -pipe      conftest.cpp -lguile    -lguile -lltdl -lgmp -lcrypt -lm -lltdl -ldl  >&5
conftest.cpp:9:0: warning: "PACKAGE_NAME" redefined
 #define PACKAGE_NAME "LilyPond"
 ^
conftest.cpp:2:0: note: this is the location of the previous definition
 #define PACKAGE_NAME ""
 ^
configure:8144: $? = 0
configure:8144: result: yes
configure:8182: checking for scm_t_hash_fold_fn
configure:8182: g++ -c      -O2 -finline-functions -g -pipe  conftest.cpp >&5
conftest.cpp:9:0: warning: "PACKAGE_NAME" redefined
 #define PACKAGE_NAME "LilyPond"
 ^
conftest.cpp:2:0: note: this is the location of the previous definition
 #define PACKAGE_NAME ""
 ^
conftest.cpp: In function 'int main()':
conftest.cpp:45:13: error: 'scm_t_hash_fold_fn' was not declared in this scope
 if (sizeof (scm_t_hash_fold_fn))
             ^
configure:8182: $? = 1
configure: failed program was:
| /* confdefs.h */
| #define PACKAGE_NAME ""
| #define PACKAGE_TARNAME ""
| #define PACKAGE_VERSION ""
| #define PACKAGE_STRING ""
| #define PACKAGE_BUGREPORT ""
| #define PACKAGE_URL ""
| #define PACKAGE "lilypond"
| #define PACKAGE_NAME "LilyPond"
| #define TOPLEVEL_VERSION "2.19.52"
| #define DIRSEP '/'
| #define PATHSEP ':'
| #define DATADIR "/usr/local/share"
| #define BUILD_PACKAGE_DATADIR "/home/johnroper100/lilypond-git/Documentation/out/share/lilypond"
| #define LIBDIR "/usr/local/lib"
| #define BUILD_PACKAGE_LIBDIR "/home/johnroper100/lilypond-git/Documentation/out/lib/lilypond"
| #define HAVE_STL_DATA_METHOD 1
| #define HAVE_LIBDL 1
| #define HAVE_DLOPEN 1
| #define STDC_HEADERS 1
| #define HAVE_SYS_TYPES_H 1
| #define HAVE_SYS_STAT_H 1
| #define HAVE_STDLIB_H 1
| #define HAVE_STRING_H 1
| #define HAVE_MEMORY_H 1
| #define HAVE_STRINGS_H 1
| #define HAVE_INTTYPES_H 1
| #define HAVE_STDINT_H 1
| #define HAVE_UNISTD_H 1
| #define HAVE_FLEXLEXER_H 1
| #define LOCALEDIR "/usr/local/share/locale"
| #define HAVE_GETTEXT 1
| #define HAVE_LIBGUILE_H 1
| #define HAVE_LIBGUILE 1
| #define HAVE_SCM_BOOT_GUILE 1
| #define GUILE_MAJOR_VERSION 1
| #define GUILE_MINOR_VERSION 8
| #define GUILE_PATCH_LEVEL 8
| /* end confdefs.h.  */
| #include <libguile.h>
| 
| int
| main ()
| {
| if (sizeof (scm_t_hash_fold_fn))
| 	 return 0;
|   ;
|   return 0;
| }
configure:8182: result: no
configure:8193: checking for scm_t_hash_handle_fn
configure:8193: g++ -c      -O2 -finline-functions -g -pipe  conftest.cpp >&5
conftest.cpp:9:0: warning: "PACKAGE_NAME" redefined
 #define PACKAGE_NAME "LilyPond"
 ^
conftest.cpp:2:0: note: this is the location of the previous definition
 #define PACKAGE_NAME ""
 ^
conftest.cpp: In function 'int main()':
conftest.cpp:45:13: error: 'scm_t_hash_handle_fn' was not declared in this scope
 if (sizeof (scm_t_hash_handle_fn))
             ^
configure:8193: $? = 1
configure: failed program was:
| /* confdefs.h */
| #define PACKAGE_NAME ""
| #define PACKAGE_TARNAME ""
| #define PACKAGE_VERSION ""
| #define PACKAGE_STRING ""
| #define PACKAGE_BUGREPORT ""
| #define PACKAGE_URL ""
| #define PACKAGE "lilypond"
| #define PACKAGE_NAME "LilyPond"
| #define TOPLEVEL_VERSION "2.19.52"
| #define DIRSEP '/'
| #define PATHSEP ':'
| #define DATADIR "/usr/local/share"
| #define BUILD_PACKAGE_DATADIR "/home/johnroper100/lilypond-git/Documentation/out/share/lilypond"
| #define LIBDIR "/usr/local/lib"
| #define BUILD_PACKAGE_LIBDIR "/home/johnroper100/lilypond-git/Documentation/out/lib/lilypond"
| #define HAVE_STL_DATA_METHOD 1
| #define HAVE_LIBDL 1
| #define HAVE_DLOPEN 1
| #define STDC_HEADERS 1
| #define HAVE_SYS_TYPES_H 1
| #define HAVE_SYS_STAT_H 1
| #define HAVE_STDLIB_H 1
| #define HAVE_STRING_H 1
| #define HAVE_MEMORY_H 1
| #define HAVE_STRINGS_H 1
| #define HAVE_INTTYPES_H 1
| #define HAVE_STDINT_H 1
| #define HAVE_UNISTD_H 1
| #define HAVE_FLEXLEXER_H 1
| #define LOCALEDIR "/usr/local/share/locale"
| #define HAVE_GETTEXT 1
| #define HAVE_LIBGUILE_H 1
| #define HAVE_LIBGUILE 1
| #define HAVE_SCM_BOOT_GUILE 1
| #define GUILE_MAJOR_VERSION 1
| #define GUILE_MINOR_VERSION 8
| #define GUILE_PATCH_LEVEL 8
| /* end confdefs.h.  */
| #include <libguile.h>
| 
| int
| main ()
| {
| if (sizeof (scm_t_hash_handle_fn))
| 	 return 0;
|   ;
|   return 0;
| }
configure:8193: result: no
configure:8205: checking for scm_t_subr
configure:8205: g++ -c      -O2 -finline-functions -g -pipe  conftest.cpp >&5
conftest.cpp:9:0: warning: "PACKAGE_NAME" redefined
 #define PACKAGE_NAME "LilyPond"
 ^
conftest.cpp:2:0: note: this is the location of the previous definition
 #define PACKAGE_NAME ""
 ^
conftest.cpp: In function 'int main()':
conftest.cpp:45:13: error: 'scm_t_subr' was not declared in this scope
 if (sizeof (scm_t_subr))
             ^
configure:8205: $? = 1
configure: failed program was:
| /* confdefs.h */
| #define PACKAGE_NAME ""
| #define PACKAGE_TARNAME ""
| #define PACKAGE_VERSION ""
| #define PACKAGE_STRING ""
| #define PACKAGE_BUGREPORT ""
| #define PACKAGE_URL ""
| #define PACKAGE "lilypond"
| #define PACKAGE_NAME "LilyPond"
| #define TOPLEVEL_VERSION "2.19.52"
| #define DIRSEP '/'
| #define PATHSEP ':'
| #define DATADIR "/usr/local/share"
| #define BUILD_PACKAGE_DATADIR "/home/johnroper100/lilypond-git/Documentation/out/share/lilypond"
| #define LIBDIR "/usr/local/lib"
| #define BUILD_PACKAGE_LIBDIR "/home/johnroper100/lilypond-git/Documentation/out/lib/lilypond"
| #define HAVE_STL_DATA_METHOD 1
| #define HAVE_LIBDL 1
| #define HAVE_DLOPEN 1
| #define STDC_HEADERS 1
| #define HAVE_SYS_TYPES_H 1
| #define HAVE_SYS_STAT_H 1
| #define HAVE_STDLIB_H 1
| #define HAVE_STRING_H 1
| #define HAVE_MEMORY_H 1
| #define HAVE_STRINGS_H 1
| #define HAVE_INTTYPES_H 1
| #define HAVE_STDINT_H 1
| #define HAVE_UNISTD_H 1
| #define HAVE_FLEXLEXER_H 1
| #define LOCALEDIR "/usr/local/share/locale"
| #define HAVE_GETTEXT 1
| #define HAVE_LIBGUILE_H 1
| #define HAVE_LIBGUILE 1
| #define HAVE_SCM_BOOT_GUILE 1
| #define GUILE_MAJOR_VERSION 1
| #define GUILE_MINOR_VERSION 8
| #define GUILE_PATCH_LEVEL 8
| /* end confdefs.h.  */
| #include <libguile.h>
| 
| int
| main ()
| {
| if (sizeof (scm_t_subr))
| 	 return 0;
|   ;
|   return 0;
| }
configure:8205: result: no
configure:8222: checking for usable C++ demangler
configure:8235: g++ -o conftest   -O2 -finline-functions -g -pipe   conftest.cpp -ldl   >&5
conftest.cpp:9:0: warning: "PACKAGE_NAME" redefined
 #define PACKAGE_NAME "LilyPond"
 ^
conftest.cpp:2:0: note: this is the location of the previous definition
 #define PACKAGE_NAME ""
 ^
configure:8235: $? = 0
configure:8238: result: yes
configure:8275: checking GUILE rational bugfix
configure:8285: g++ -E     conftest.cpp
conftest.cpp:9:0: warning: "PACKAGE_NAME" redefined
 #define PACKAGE_NAME "LilyPond"
 ^
conftest.cpp:2:0: note: this is the location of the previous definition
 #define PACKAGE_NAME ""
 ^
configure:8285: $? = 0
configure:8286: result: ok
configure:8327: checking for python
configure:8415: result: /usr/bin/python
configure:8418: checking /usr/bin/python version
configure:8420: result: 2.7.9
configure:8430: checking for /usr/bin/python
configure:8460: result: /usr/bin/python
configure:8474: checking for python-config
configure:8490: found /usr/bin/python-config
configure:8501: result: python-config
configure:8539: checking Python.h usability
configure:8539: g++ -c   -O2 -finline-functions -g -pipe -I/usr/include/python2.7 -I/usr/include/i386-linux-gnu/python2.7  -fno-strict-aliasing -g -fstack-protector-strong  -g -fwrapv  conftest.cpp >&5
conftest.cpp:9:0: warning: "PACKAGE_NAME" redefined
 #define PACKAGE_NAME "LilyPond"
 ^
conftest.cpp:2:0: note: this is the location of the previous definition
 #define PACKAGE_NAME ""
 ^
configure:8539: $? = 0
configure:8539: result: yes
configure:8539: checking Python.h presence
configure:8539: g++ -E -I/usr/include/python2.7 -I/usr/include/i386-linux-gnu/python2.7  -fno-strict-aliasing -g -fstack-protector-strong  -g -fwrapv  conftest.cpp
conftest.cpp:9:0: warning: "PACKAGE_NAME" redefined
 #define PACKAGE_NAME "LilyPond"
 ^
conftest.cpp:2:0: note: this is the location of the previous definition
 #define PACKAGE_NAME ""
 ^
configure:8539: $? = 0
configure:8539: result: yes
configure:8539: checking for Python.h
configure:8539: result: yes
configure:8566: checking for fontforge
configure:8582: found /usr/bin/fontforge
configure:8593: result: fontforge
configure:8636: checking for fontforge
configure:8654: found /usr/bin/fontforge
configure:8666: result: /usr/bin/fontforge
configure:8680: checking /usr/bin/fontforge version
configure:8744: result: 20120731
configure:8764: checking for t1asm
configure:8780: found /usr/bin/t1asm
configure:8791: result: t1asm
configure:8834: checking for t1asm
configure:8852: found /usr/bin/t1asm
configure:8864: result: /usr/bin/t1asm
configure:8960: checking assert.h usability
configure:8960: g++ -c   -O2 -finline-functions -g -pipe -I/usr/include/python2.7 -I/usr/include/i386-linux-gnu/python2.7  -fno-strict-aliasing -g -fstack-protector-strong  -g -fwrapv  conftest.cpp >&5
conftest.cpp:9:0: warning: "PACKAGE_NAME" redefined
 #define PACKAGE_NAME "LilyPond"
 ^
conftest.cpp:2:0: note: this is the location of the previous definition
 #define PACKAGE_NAME ""
 ^
configure:8960: $? = 0
configure:8960: result: yes
configure:8960: checking assert.h presence
configure:8960: g++ -E -I/usr/include/python2.7 -I/usr/include/i386-linux-gnu/python2.7  -fno-strict-aliasing -g -fstack-protector-strong  -g -fwrapv  conftest.cpp
conftest.cpp:9:0: warning: "PACKAGE_NAME" redefined
 #define PACKAGE_NAME "LilyPond"
 ^
conftest.cpp:2:0: note: this is the location of the previous definition
 #define PACKAGE_NAME ""
 ^
configure:8960: $? = 0
configure:8960: result: yes
configure:8960: checking for assert.h
configure:8960: result: yes
configure:8960: checking grp.h usability
configure:8960: g++ -c   -O2 -finline-functions -g -pipe -I/usr/include/python2.7 -I/usr/include/i386-linux-gnu/python2.7  -fno-strict-aliasing -g -fstack-protector-strong  -g -fwrapv  conftest.cpp >&5
conftest.cpp:9:0: warning: "PACKAGE_NAME" redefined
 #define PACKAGE_NAME "LilyPond"
 ^
conftest.cpp:2:0: note: this is the location of the previous definition
 #define PACKAGE_NAME ""
 ^
configure:8960: $? = 0
configure:8960: result: yes
configure:8960: checking grp.h presence
configure:8960: g++ -E -I/usr/include/python2.7 -I/usr/include/i386-linux-gnu/python2.7  -fno-strict-aliasing -g -fstack-protector-strong  -g -fwrapv  conftest.cpp
conftest.cpp:9:0: warning: "PACKAGE_NAME" redefined
 #define PACKAGE_NAME "LilyPond"
 ^
conftest.cpp:2:0: note: this is the location of the previous definition
 #define PACKAGE_NAME ""
 ^
configure:8960: $? = 0
configure:8960: result: yes
configure:8960: checking for grp.h
configure:8960: result: yes
configure:8960: checking libio.h usability
configure:8960: g++ -c   -O2 -finline-functions -g -pipe -I/usr/include/python2.7 -I/usr/include/i386-linux-gnu/python2.7  -fno-strict-aliasing -g -fstack-protector-strong  -g -fwrapv  conftest.cpp >&5
conftest.cpp:9:0: warning: "PACKAGE_NAME" redefined
 #define PACKAGE_NAME "LilyPond"
 ^
conftest.cpp:2:0: note: this is the location of the previous definition
 #define PACKAGE_NAME ""
 ^
configure:8960: $? = 0
configure:8960: result: yes
configure:8960: checking libio.h presence
configure:8960: g++ -E -I/usr/include/python2.7 -I/usr/include/i386-linux-gnu/python2.7  -fno-strict-aliasing -g -fstack-protector-strong  -g -fwrapv  conftest.cpp
conftest.cpp:9:0: warning: "PACKAGE_NAME" redefined
 #define PACKAGE_NAME "LilyPond"
 ^
conftest.cpp:2:0: note: this is the location of the previous definition
 #define PACKAGE_NAME ""
 ^
configure:8960: $? = 0
configure:8960: result: yes
configure:8960: checking for libio.h
configure:8960: result: yes
configure:8960: checking pwd.h usability
configure:8960: g++ -c   -O2 -finline-functions -g -pipe -I/usr/include/python2.7 -I/usr/include/i386-linux-gnu/python2.7  -fno-strict-aliasing -g -fstack-protector-strong  -g -fwrapv  conftest.cpp >&5
conftest.cpp:9:0: warning: "PACKAGE_NAME" redefined
 #define PACKAGE_NAME "LilyPond"
 ^
conftest.cpp:2:0: note: this is the location of the previous definition
 #define PACKAGE_NAME ""
 ^
configure:8960: $? = 0
configure:8960: result: yes
configure:8960: checking pwd.h presence
configure:8960: g++ -E -I/usr/include/python2.7 -I/usr/include/i386-linux-gnu/python2.7  -fno-strict-aliasing -g -fstack-protector-strong  -g -fwrapv  conftest.cpp
conftest.cpp:9:0: warning: "PACKAGE_NAME" redefined
 #define PACKAGE_NAME "LilyPond"
 ^
conftest.cpp:2:0: note: this is the location of the previous definition
 #define PACKAGE_NAME ""
 ^
configure:8960: $? = 0
configure:8960: result: yes
configure:8960: checking for pwd.h
configure:8960: result: yes
configure:8960: checking for sys/stat.h
configure:8960: result: yes
configure:8960: checking wchar.h usability
configure:8960: g++ -c   -O2 -finline-functions -g -pipe -I/usr/include/python2.7 -I/usr/include/i386-linux-gnu/python2.7  -fno-strict-aliasing -g -fstack-protector-strong  -g -fwrapv  conftest.cpp >&5
conftest.cpp:9:0: warning: "PACKAGE_NAME" redefined
 #define PACKAGE_NAME "LilyPond"
 ^
conftest.cpp:2:0: note: this is the location of the previous definition
 #define PACKAGE_NAME ""
 ^
configure:8960: $? = 0
configure:8960: result: yes
configure:8960: checking wchar.h presence
configure:8960: g++ -E -I/usr/include/python2.7 -I/usr/include/i386-linux-gnu/python2.7  -fno-strict-aliasing -g -fstack-protector-strong  -g -fwrapv  conftest.cpp
conftest.cpp:9:0: warning: "PACKAGE_NAME" redefined
 #define PACKAGE_NAME "LilyPond"
 ^
conftest.cpp:2:0: note: this is the location of the previous definition
 #define PACKAGE_NAME ""
 ^
configure:8960: $? = 0
configure:8960: result: yes
configure:8960: checking for wchar.h
configure:8960: result: yes
configure:8960: checking fpu_control.h usability
configure:8960: g++ -c   -O2 -finline-functions -g -pipe -I/usr/include/python2.7 -I/usr/include/i386-linux-gnu/python2.7  -fno-strict-aliasing -g -fstack-protector-strong  -g -fwrapv  conftest.cpp >&5
conftest.cpp:9:0: warning: "PACKAGE_NAME" redefined
 #define PACKAGE_NAME "LilyPond"
 ^
conftest.cpp:2:0: note: this is the location of the previous definition
 #define PACKAGE_NAME ""
 ^
configure:8960: $? = 0
configure:8960: result: yes
configure:8960: checking fpu_control.h presence
configure:8960: g++ -E -I/usr/include/python2.7 -I/usr/include/i386-linux-gnu/python2.7  -fno-strict-aliasing -g -fstack-protector-strong  -g -fwrapv  conftest.cpp
conftest.cpp:9:0: warning: "PACKAGE_NAME" redefined
 #define PACKAGE_NAME "LilyPond"
 ^
conftest.cpp:2:0: note: this is the location of the previous definition
 #define PACKAGE_NAME ""
 ^
configure:8960: $? = 0
configure:8960: result: yes
configure:8960: checking for fpu_control.h
configure:8960: result: yes
configure:8972: checking sstream usability
configure:8972: g++ -c   -O2 -finline-functions -g -pipe -I/usr/include/python2.7 -I/usr/include/i386-linux-gnu/python2.7  -fno-strict-aliasing -g -fstack-protector-strong  -g -fwrapv  conftest.cpp >&5
conftest.cpp:9:0: warning: "PACKAGE_NAME" redefined
 #define PACKAGE_NAME "LilyPond"
 ^
conftest.cpp:2:0: note: this is the location of the previous definition
 #define PACKAGE_NAME ""
 ^
configure:8972: $? = 0
configure:8972: result: yes
configure:8972: checking sstream presence
configure:8972: g++ -E -I/usr/include/python2.7 -I/usr/include/i386-linux-gnu/python2.7  -fno-strict-aliasing -g -fstack-protector-strong  -g -fwrapv  conftest.cpp
conftest.cpp:9:0: warning: "PACKAGE_NAME" redefined
 #define PACKAGE_NAME "LilyPond"
 ^
conftest.cpp:2:0: note: this is the location of the previous definition
 #define PACKAGE_NAME ""
 ^
configure:8972: $? = 0
configure:8972: result: yes
configure:8972: checking for sstream
configure:8972: result: yes
configure:8982: checking whether stat file-mode macros are broken
configure:9009: g++ -c   -O2 -finline-functions -g -pipe -I/usr/include/python2.7 -I/usr/include/i386-linux-gnu/python2.7  -fno-strict-aliasing -g -fstack-protector-strong  -g -fwrapv  conftest.cpp >&5
conftest.cpp:9:0: warning: "PACKAGE_NAME" redefined
 #define PACKAGE_NAME "LilyPond"
 ^
conftest.cpp:2:0: note: this is the location of the previous definition
 #define PACKAGE_NAME ""
 ^
configure:9009: $? = 0
configure:9016: result: no
configure:9024: checking for working memcmp
configure:9067: g++ -o conftest   -O2 -finline-functions -g -pipe -I/usr/include/python2.7 -I/usr/include/i386-linux-gnu/python2.7  -fno-strict-aliasing -g -fstack-protector-strong  -g -fwrapv   conftest.cpp -ldl  >&5
conftest.cpp:9:0: warning: "PACKAGE_NAME" redefined
 #define PACKAGE_NAME "LilyPond"
 ^
conftest.cpp:2:0: note: this is the location of the previous definition
 #define PACKAGE_NAME ""
 ^
configure:9067: $? = 0
configure:9067: ./conftest
configure:9067: $? = 0
configure:9077: result: yes
configure:9088: checking for vprintf
configure:9088: g++ -o conftest   -O2 -finline-functions -g -pipe -I/usr/include/python2.7 -I/usr/include/i386-linux-gnu/python2.7  -fno-strict-aliasing -g -fstack-protector-strong  -g -fwrapv   conftest.cpp -ldl  >&5
conftest.cpp:9:0: warning: "PACKAGE_NAME" redefined
 #define PACKAGE_NAME "LilyPond"
 ^
conftest.cpp:2:0: note: this is the location of the previous definition
 #define PACKAGE_NAME ""
 ^
configure:9088: $? = 0
configure:9088: result: yes
configure:9094: checking for _doprnt
configure:9094: g++ -o conftest   -O2 -finline-functions -g -pipe -I/usr/include/python2.7 -I/usr/include/i386-linux-gnu/python2.7  -fno-strict-aliasing -g -fstack-protector-strong  -g -fwrapv   conftest.cpp -ldl  >&5
conftest.cpp:9:0: warning: "PACKAGE_NAME" redefined
 #define PACKAGE_NAME "LilyPond"
 ^
conftest.cpp:2:0: note: this is the location of the previous definition
 #define PACKAGE_NAME ""
 ^
/tmp/ccDU4Hgd.o: In function `main':
/home/johnroper100/lilypond-git/Documentation/conftest.cpp:85: undefined reference to `_doprnt'
collect2: error: ld returned 1 exit status
configure:9094: $? = 1
configure: failed program was:
| /* confdefs.h */
| #define PACKAGE_NAME ""
| #define PACKAGE_TARNAME ""
| #define PACKAGE_VERSION ""
| #define PACKAGE_STRING ""
| #define PACKAGE_BUGREPORT ""
| #define PACKAGE_URL ""
| #define PACKAGE "lilypond"
| #define PACKAGE_NAME "LilyPond"
| #define TOPLEVEL_VERSION "2.19.52"
| #define DIRSEP '/'
| #define PATHSEP ':'
| #define DATADIR "/usr/local/share"
| #define BUILD_PACKAGE_DATADIR "/home/johnroper100/lilypond-git/Documentation/out/share/lilypond"
| #define LIBDIR "/usr/local/lib"
| #define BUILD_PACKAGE_LIBDIR "/home/johnroper100/lilypond-git/Documentation/out/lib/lilypond"
| #define HAVE_STL_DATA_METHOD 1
| #define HAVE_LIBDL 1
| #define HAVE_DLOPEN 1
| #define STDC_HEADERS 1
| #define HAVE_SYS_TYPES_H 1
| #define HAVE_SYS_STAT_H 1
| #define HAVE_STDLIB_H 1
| #define HAVE_STRING_H 1
| #define HAVE_MEMORY_H 1
| #define HAVE_STRINGS_H 1
| #define HAVE_INTTYPES_H 1
| #define HAVE_STDINT_H 1
| #define HAVE_UNISTD_H 1
| #define HAVE_FLEXLEXER_H 1
| #define LOCALEDIR "/usr/local/share/locale"
| #define HAVE_GETTEXT 1
| #define HAVE_LIBGUILE_H 1
| #define HAVE_LIBGUILE 1
| #define HAVE_SCM_BOOT_GUILE 1
| #define GUILE_MAJOR_VERSION 1
| #define GUILE_MINOR_VERSION 8
| #define GUILE_PATCH_LEVEL 8
| #define HAVE_CXA_DEMANGLE 1
| #define HAVE_PYTHON_H 1
| #define HAVE_ASSERT_H 1
| #define HAVE_GRP_H 1
| #define HAVE_LIBIO_H 1
| #define HAVE_PWD_H 1
| #define HAVE_SYS_STAT_H 1
| #define HAVE_WCHAR_H 1
| #define HAVE_FPU_CONTROL_H 1
| #define HAVE_SSTREAM 1
| #define HAVE_VPRINTF 1
| /* end confdefs.h.  */
| /* Define _doprnt to an innocuous variant, in case <limits.h> declares _doprnt.
|    For example, HP-UX 11i <limits.h> declares gettimeofday.  */
| #define _doprnt innocuous__doprnt
| 
| /* System header to define __stub macros and hopefully few prototypes,
|     which can conflict with char _doprnt (); below.
|     Prefer <limits.h> to <assert.h> if __STDC__ is defined, since
|     <limits.h> exists even on freestanding compilers.  */
| 
| #ifdef __STDC__
| # include <limits.h>
| #else
| # include <assert.h>
| #endif
| 
| #undef _doprnt
| 
| /* Override any GCC internal prototype to avoid an error.
|    Use char because int might match the return type of a GCC
|    builtin and then its argument prototype would still apply.  */
| #ifdef __cplusplus
| extern "C"
| #endif
| char _doprnt ();
| /* The GNU C library defines this for functions which it implements
|     to always fail with ENOSYS.  Some functions are actually named
|     something starting with __ and the normal name is an alias.  */
| #if defined __stub__doprnt || defined __stub____doprnt
| choke me
| #endif
| 
| int
| main ()
| {
| return _doprnt ();
|   ;
|   return 0;
| }
configure:9094: result: no
configure:9108: checking for chroot
configure:9108: g++ -o conftest   -O2 -finline-functions -g -pipe -I/usr/include/python2.7 -I/usr/include/i386-linux-gnu/python2.7  -fno-strict-aliasing -g -fstack-protector-strong  -g -fwrapv   conftest.cpp -ldl  >&5
conftest.cpp:9:0: warning: "PACKAGE_NAME" redefined
 #define PACKAGE_NAME "LilyPond"
 ^
conftest.cpp:2:0: note: this is the location of the previous definition
 #define PACKAGE_NAME ""
 ^
configure:9108: $? = 0
configure:9108: result: yes
configure:9108: checking for fopencookie
configure:9108: g++ -o conftest   -O2 -finline-functions -g -pipe -I/usr/include/python2.7 -I/usr/include/i386-linux-gnu/python2.7  -fno-strict-aliasing -g -fstack-protector-strong  -g -fwrapv   conftest.cpp -ldl  >&5
conftest.cpp:9:0: warning: "PACKAGE_NAME" redefined
 #define PACKAGE_NAME "LilyPond"
 ^
conftest.cpp:2:0: note: this is the location of the previous definition
 #define PACKAGE_NAME ""
 ^
configure:9108: $? = 0
configure:9108: result: yes
configure:9108: checking for gettext
configure:9108: result: yes
configure:9108: checking for isinf
configure:9108: g++ -o conftest   -O2 -finline-functions -g -pipe -I/usr/include/python2.7 -I/usr/include/i386-linux-gnu/python2.7  -fno-strict-aliasing -g -fstack-protector-strong  -g -fwrapv   conftest.cpp -ldl  >&5
conftest.cpp:9:0: warning: "PACKAGE_NAME" redefined
 #define PACKAGE_NAME "LilyPond"
 ^
conftest.cpp:2:0: note: this is the location of the previous definition
 #define PACKAGE_NAME ""
 ^
configure:9108: $? = 0
configure:9108: result: yes
configure:9108: checking for memmem
configure:9108: g++ -o conftest   -O2 -finline-functions -g -pipe -I/usr/include/python2.7 -I/usr/include/i386-linux-gnu/python2.7  -fno-strict-aliasing -g -fstack-protector-strong  -g -fwrapv   conftest.cpp -ldl  >&5
conftest.cpp:9:0: warning: "PACKAGE_NAME" redefined
 #define PACKAGE_NAME "LilyPond"
 ^
conftest.cpp:2:0: note: this is the location of the previous definition
 #define PACKAGE_NAME ""
 ^
configure:9108: $? = 0
configure:9108: result: yes
configure:9108: checking for snprintf
configure:9108: g++ -o conftest   -O2 -finline-functions -g -pipe -I/usr/include/python2.7 -I/usr/include/i386-linux-gnu/python2.7  -fno-strict-aliasing -g -fstack-protector-strong  -g -fwrapv   conftest.cpp -ldl  >&5
conftest.cpp:9:0: warning: "PACKAGE_NAME" redefined
 #define PACKAGE_NAME "LilyPond"
 ^
conftest.cpp:2:0: note: this is the location of the previous definition
 #define PACKAGE_NAME ""
 ^
configure:9108: $? = 0
configure:9108: result: yes
configure:9108: checking for vsnprintf
configure:9108: g++ -o conftest   -O2 -finline-functions -g -pipe -I/usr/include/python2.7 -I/usr/include/i386-linux-gnu/python2.7  -fno-strict-aliasing -g -fstack-protector-strong  -g -fwrapv   conftest.cpp -ldl  >&5
conftest.cpp:9:0: warning: "PACKAGE_NAME" redefined
 #define PACKAGE_NAME "LilyPond"
 ^
conftest.cpp:2:0: note: this is the location of the previous definition
 #define PACKAGE_NAME ""
 ^
configure:9108: $? = 0
configure:9108: result: yes
configure:9123: checking for pkg-config
configure:9139: found /usr/bin/pkg-config
configure:9150: result: pkg-config
configure:9191: checking pkg-config version
configure:9255: result: 0.28
configure:9269: checking whether to enable dynamic relocation
configure:9275: result: no
configure:9278: checking for rpath linkage
configure:9285: result: no
configure:9347: checking for pangoft2 >= 1.6.0
configure:9351: result: yes
configure:9355: checking PANGO_FT2_CFLAGS
configure:9358: result: -pthread -I/usr/include/pango-1.0 -I/usr/include/harfbuzz -I/usr/include/pango-1.0 -I/usr/include/glib-2.0 -I/usr/lib/i386-linux-gnu/glib-2.0/include -I/usr/include/freetype2 
configure:9361: checking PANGO_FT2_LIBS
configure:9364: result: -lpangoft2-1.0 -lpango-1.0 -lgobject-2.0 -lglib-2.0 -lfontconfig -lfreetype 
configure:9398: checking pango/pangoft2.h usability
configure:9398: g++ -c   -O2 -finline-functions -g -pipe -I/usr/include/python2.7 -I/usr/include/i386-linux-gnu/python2.7  -fno-strict-aliasing -g -fstack-protector-strong  -g -fwrapv  -pthread -I/usr/include/pango-1.0 -I/usr/include/harfbuzz -I/usr/include/pango-1.0 -I/usr/include/glib-2.0 -I/usr/lib/i386-linux-gnu/glib-2.0/include -I/usr/include/freetype2  conftest.cpp >&5
conftest.cpp:9:0: warning: "PACKAGE_NAME" redefined
 #define PACKAGE_NAME "LilyPond"
 ^
conftest.cpp:2:0: note: this is the location of the previous definition
 #define PACKAGE_NAME ""
 ^
configure:9398: $? = 0
configure:9398: result: yes
configure:9398: checking pango/pangoft2.h presence
configure:9398: g++ -E -I/usr/include/python2.7 -I/usr/include/i386-linux-gnu/python2.7  -fno-strict-aliasing -g -fstack-protector-strong  -g -fwrapv  -pthread -I/usr/include/pango-1.0 -I/usr/include/harfbuzz -I/usr/include/pango-1.0 -I/usr/include/glib-2.0 -I/usr/lib/i386-linux-gnu/glib-2.0/include -I/usr/include/freetype2  conftest.cpp
conftest.cpp:9:0: warning: "PACKAGE_NAME" redefined
 #define PACKAGE_NAME "LilyPond"
 ^
conftest.cpp:2:0: note: this is the location of the previous definition
 #define PACKAGE_NAME ""
 ^
configure:9398: $? = 0
configure:9398: result: yes
configure:9398: checking for pango/pangoft2.h
configure:9398: result: yes
configure:9410: checking for pango_ft2_font_map_create_context
configure:9410: g++ -o conftest   -O2 -finline-functions -g -pipe -I/usr/include/python2.7 -I/usr/include/i386-linux-gnu/python2.7  -fno-strict-aliasing -g -fstack-protector-strong  -g -fwrapv  -pthread -I/usr/include/pango-1.0 -I/usr/include/harfbuzz -I/usr/include/pango-1.0 -I/usr/include/glib-2.0 -I/usr/lib/i386-linux-gnu/glib-2.0/include -I/usr/include/freetype2   conftest.cpp -lpangoft2-1.0 -lpango-1.0 -lgobject-2.0 -lglib-2.0 -lfontconfig -lfreetype  -ldl  >&5
conftest.cpp:9:0: warning: "PACKAGE_NAME" redefined
 #define PACKAGE_NAME "LilyPond"
 ^
conftest.cpp:2:0: note: this is the location of the previous definition
 #define PACKAGE_NAME ""
 ^
configure:9410: $? = 0
configure:9410: result: yes
configure:9489: checking for fontconfig >= 2.4.0
configure:9493: result: yes
configure:9497: checking FONTCONFIG_CFLAGS
configure:9500: result: -I/usr/include/freetype2 
configure:9503: checking FONTCONFIG_LIBS
configure:9506: result: -lfontconfig -lfreetype 
configure:9604: checking for freetype2 >= 2.1.10
configure:9608: result: yes
configure:9612: checking FREETYPE2_CFLAGS
configure:9615: result: -I/usr/include/freetype2 
configure:9618: checking FREETYPE2_LIBS
configure:9621: result: -lfreetype 
configure:9705: checking for some flavor of Windows
configure:9712: result: no
configure:9720: checking for -windres
configure:9750: result: no
configure:9720: checking for windres
configure:9750: result: no
configure:9870: checking for guile
configure:9958: result: guile
configure:9961: checking guile version
configure:9963: result: 1.8.8
configure:9976: checking for guile
configure:10003: result: guile
configure:10046: checking for guile
configure:10064: found /usr/bin/guile
configure:10076: result: /usr/bin/guile
configure:10177: checking for perl
configure:10193: found /usr/bin/perl
configure:10204: result: perl
configure:10247: checking for perl
configure:10265: found /usr/bin/perl
configure:10277: result: /usr/bin/perl
configure:10383: checking for gs
configure:10399: found /usr/bin/gs
configure:10410: result: gs
configure:10453: checking for gs
configure:10471: found /usr/bin/gs
configure:10483: result: /usr/bin/gs
configure:10497: checking /usr/bin/gs version
configure:10561: result: 9.06
configure:10584: checking for gs
configure:10600: found /usr/bin/gs
configure:10611: result: gs
configure:10652: checking gs version
configure:10716: result: 9.06
configure:10734: checking for extractpdfmark
configure:10764: result: no
configure:10913: checking for makeinfo
configure:10929: found /usr/bin/makeinfo
configure:10940: result: makeinfo
configure:10981: checking makeinfo version
configure:11045: result: 5.2
configure:11063: checking for texi2html
configure:11079: found /usr/bin/texi2html
configure:11090: result: texi2html
configure:11131: checking texi2html version
configure:11195: result: 1.82
configure:11213: checking for dblatex
configure:11229: found /usr/bin/dblatex
configure:11240: result: dblatex
configure:11281: checking dblatex version
configure:11345: result: 0.3.5
configure:11363: checking for bibtex
configure:11379: found /usr/bin/bibtex
configure:11390: result: bibtex
configure:11513: checking for xelatex
configure:11529: found /usr/bin/xelatex
configure:11540: result: xelatex
configure:11664: checking for xetex
configure:11680: found /usr/bin/xetex
configure:11691: result: xetex
configure:11971: checking for texi2pdf
configure:11987: found /usr/bin/texi2pdf
configure:11998: result: texi2pdf
configure:12121: checking for texindex
configure:12137: found /usr/bin/texindex
configure:12148: result: texindex
configure:12266: checking for epsf.tex
configure:12276: result: /usr/share/texlive/texmf-dist/tex/generic/epsf/epsf.tex
configure:12279: checking for Cyrillic characters support in TeX
configure:12289: result: yes
configure:12297: checking for pngtopnm
configure:12313: found /usr/bin/pngtopnm
configure:12324: result: pngtopnm
configure:12447: checking for convert
configure:12463: found /usr/bin/convert
configure:12474: result: convert
configure:12598: checking for zip
configure:12614: found /usr/bin/zip
configure:12625: result: zip
configure:12748: checking for rsync
configure:12764: found /usr/bin/rsync
configure:12775: result: rsync
configure:13052: creating ./config.status

## ---------------------- ##
## Running config.status. ##
## ---------------------- ##

This file was extended by config.status, which was
generated by GNU Autoconf 2.69.  Invocation command line was

  CONFIG_FILES    = 
  CONFIG_HEADERS  = 
  CONFIG_LINKS    = 
  CONFIG_COMMANDS = 
  $ ./config.status 

on debian

config.status:: creating config.make
config.status:: creating config.hh

## ---------------- ##
## Cache variables. ##
## ---------------- ##

ac_cv_build=i686-pc-linux-gnu
ac_cv_c_compiler_gnu=yes
ac_cv_cxx_compiler_gnu=yes
ac_cv_env_CCC_set=
ac_cv_env_CCC_value=
ac_cv_env_CC_set=
ac_cv_env_CC_value=
ac_cv_env_CFLAGS_set=
ac_cv_env_CFLAGS_value=
ac_cv_env_CPPFLAGS_set=
ac_cv_env_CPPFLAGS_value=
ac_cv_env_CXXCPP_set=
ac_cv_env_CXXCPP_value=
ac_cv_env_CXXFLAGS_set=
ac_cv_env_CXXFLAGS_value=
ac_cv_env_CXX_set=
ac_cv_env_CXX_value=
ac_cv_env_LDFLAGS_set=
ac_cv_env_LDFLAGS_value=
ac_cv_env_LIBS_set=
ac_cv_env_LIBS_value=
ac_cv_env_YACC_set=
ac_cv_env_YACC_value=
ac_cv_env_YFLAGS_set=
ac_cv_env_YFLAGS_value=
ac_cv_env_build_alias_set=
ac_cv_env_build_alias_value=
ac_cv_env_host_alias_set=
ac_cv_env_host_alias_value=
ac_cv_env_target_alias_set=
ac_cv_env_target_alias_value=
ac_cv_func__doprnt=no
ac_cv_func_chroot=yes
ac_cv_func_dlopen=yes
ac_cv_func_fopencookie=yes
ac_cv_func_gettext=yes
ac_cv_func_isinf=yes
ac_cv_func_memcmp_working=yes
ac_cv_func_memmem=yes
ac_cv_func_pango_ft2_font_map_create_context=yes
ac_cv_func_scm_boot_guile=yes
ac_cv_func_snprintf=yes
ac_cv_func_vprintf=yes
ac_cv_func_vsnprintf=yes
ac_cv_header_FlexLexer_h=yes
ac_cv_header_Python_h=yes
ac_cv_header_assert_h=yes
ac_cv_header_fpu_control_h=yes
ac_cv_header_grp_h=yes
ac_cv_header_inttypes_h=yes
ac_cv_header_libguile_h=yes
ac_cv_header_libio_h=yes
ac_cv_header_memory_h=yes
ac_cv_header_pango_pangoft2_h=yes
ac_cv_header_pwd_h=yes
ac_cv_header_sstream=yes
ac_cv_header_stat_broken=no
ac_cv_header_stdc=yes
ac_cv_header_stdint_h=yes
ac_cv_header_stdlib_h=yes
ac_cv_header_string_h=yes
ac_cv_header_strings_h=yes
ac_cv_header_sys_stat_h=yes
ac_cv_header_sys_types_h=yes
ac_cv_header_unistd_h=yes
ac_cv_header_wchar_h=yes
ac_cv_host=i686-pc-linux-gnu
ac_cv_lib_dl_dlopen=yes
ac_cv_lib_guile_scm_boot_guile=yes
ac_cv_lib_intl_gettext=no
ac_cv_objext=o
ac_cv_path_BASH=/bin/bash
ac_cv_path_EGREP='/bin/grep -E'
ac_cv_path_FONTFORGE=/usr/bin/fontforge
ac_cv_path_GHOSTSCRIPT=/usr/bin/gs
ac_cv_path_GREP=/bin/grep
ac_cv_path_GUILE=/usr/bin/guile
ac_cv_path_PERL=/usr/bin/perl
ac_cv_path_PYTHON=/usr/bin/python
ac_cv_path_T1ASM=/usr/bin/t1asm
ac_cv_prog_AR=ar
ac_cv_prog_BIBTEX=bibtex
ac_cv_prog_BISON=bison
ac_cv_prog_CXXCPP='g++ -E'
ac_cv_prog_DBLATEX=dblatex
ac_cv_prog_FCLIST=fc-list
ac_cv_prog_FIND=find
ac_cv_prog_FLEX=flex
ac_cv_prog_FONTFORGE=fontforge
ac_cv_prog_GHOSTSCRIPT=gs
ac_cv_prog_GS920=gs
ac_cv_prog_GUILE=guile
ac_cv_prog_IMAGEMAGICK=convert
ac_cv_prog_KPSEWHICH=kpsewhich
ac_cv_prog_MAKE=make
ac_cv_prog_MAKEINFO=makeinfo
ac_cv_prog_METAFONT=mf-nowin
ac_cv_prog_METAPOST=mpost
ac_cv_prog_MSGFMT=msgfmt
ac_cv_prog_NETPBM=pngtopnm
ac_cv_prog_PDFLATEX=xelatex
ac_cv_prog_PDFTEX=xetex
ac_cv_prog_PERL=perl
ac_cv_prog_PKG_CONFIG=pkg-config
ac_cv_prog_PYTHON_CONFIG=python-config
ac_cv_prog_RSYNC=rsync
ac_cv_prog_T1ASM=t1asm
ac_cv_prog_TAR=tar
ac_cv_prog_TEXI2HTML=texi2html
ac_cv_prog_TEXI2PDF=texi2pdf
ac_cv_prog_TEXINDEX=texindex
ac_cv_prog_YACC='bison -y'
ac_cv_prog_ZIPDOC=zip
ac_cv_prog_ac_ct_CC=gcc
ac_cv_prog_ac_ct_CXX=g++
ac_cv_prog_ac_ct_RANLIB=ranlib
ac_cv_prog_cc_c89=
ac_cv_prog_cc_g=yes
ac_cv_prog_cxx_g=yes
ac_cv_prog_lex_root=lex.yy
ac_cv_type_scm_t_hash_fold_fn=no
ac_cv_type_scm_t_hash_handle_fn=no
ac_cv_type_scm_t_subr=no
stepmake_cv_cflags_pipe=yes
stepmake_cv_flexlexer_yy_current_buffer=no
stepmake_cv_need_explicit_instantiation=no
stepmake_cv_stl_data_method=yes

## ----------------- ##
## Output variables. ##
## ----------------- ##

AR='ar'
AUTOGENERATE='This file was automatically generated by configure'
BASH='/bin/bash'
BIBTEX='bibtex'
BISON='bison'
CC='gcc'
CFLAGS='  -O2 -finline-functions -g -pipe'
CONFIGSUFFIX=''
CPPFLAGS='-I/usr/include/python2.7 -I/usr/include/i386-linux-gnu/python2.7  -fno-strict-aliasing -g -fstack-protector-strong  -g -fwrapv '
CXX='g++'
CXXABI_LIBS=''
CXXCPP='g++ -E'
CXXFLAGS='  -O2 -finline-functions -g -pipe'
DBLATEX='dblatex'
DEFINES=''
DEFS='-DHAVE_CONFIG_H'
DIRSEP='/'
DOCUMENTATION='yes'
ECHO_C=''
ECHO_N='-n'
ECHO_T=''
EGREP='/bin/grep -E'
EXEEXT=''
EXTRACTPDFMARK=''
EXTRA_LIBS=''
FCLIST='fc-list'
FIND='find'
FLEX='flex'
FLEXLEXER_FILE='/usr/include/FlexLexer.h'
FONTCONFIG_CFLAGS='-I/usr/include/freetype2 '
FONTCONFIG_LIBS='-lfontconfig -lfreetype '
FONTFORGE='/usr/bin/fontforge'
FREETYPE2_CFLAGS='-I/usr/include/freetype2 '
FREETYPE2_LIBS='-lfreetype '
GHOSTSCRIPT='/usr/bin/gs'
GREP='/bin/grep'
GS920=''
GUILE='/usr/bin/guile'
GUILE_CFLAGS='  '
GUILE_CONFIG='guile-config'
GUILE_LDFLAGS='   -lguile -lltdl -lgmp -lcrypt -lm -lltdl'
HOST_ARCH='i586-linux-gnu'
IMAGEMAGICK='convert'
KPSEWHICH='kpsewhich'
KSH=''
LD='$(CC)'
LDFLAGS=''
LIBOBJS=''
LIBS='-ldl '
LINK_GXX_STATICALLY='no'
LN='ln'
LN_S='ln -s'
LTLIBOBJS=''
MAJOR_VERSION='2'
MAKE='make'
MAKEINFO='makeinfo'
METAFONT='mf-nowin'
METAPOST='mpost'
MFMODE='ljfour'
MICRO_VERSION='52'
MINOR_VERSION='19'
MSGFMT='msgfmt'
NETPBM='pngtopnm'
OBJEXT='o'
OPTIONAL=' URW++ OTF fonts (download OTF files from '\''http://git.ghostscript.com/?p=urw-core35-fonts.git;a=commit;h=79bcdfb34fbce12b592cce389fa7a19da6b5b018'\'' and put them under '\''~/.local/share/fonts'\'' etc., or use --with-urwotf-dir) gs >= 9.20 (installed: 9.06) extractpdfmark (Optionally using Ghostscript >= 9.20 together with Extract PDFmark can significantly reduce the disk space required for building the documentation and the final PDF files.)'
PACKAGE='LILYPOND'
PACKAGE_BUGREPORT=''
PACKAGE_NAME='LilyPond'
PACKAGE_STRING=''
PACKAGE_TARNAME=''
PACKAGE_URL=''
PACKAGE_VERSION=''
PANGO_FT2_CFLAGS='-pthread -I/usr/include/pango-1.0 -I/usr/include/harfbuzz -I/usr/include/pango-1.0 -I/usr/include/glib-2.0 -I/usr/lib/i386-linux-gnu/glib-2.0/include -I/usr/include/freetype2 '
PANGO_FT2_LIBS='-lpangoft2-1.0 -lpango-1.0 -lgobject-2.0 -lglib-2.0 -lfontconfig -lfreetype '
PATCH_LEVEL='52'
PATHSEP=':'
PATH_SEPARATOR=':'
PDFLATEX='/home/johnroper100/lilypond-git/Documentation/scripts/build/out/xelatex-with-options'
PDFTEX='/home/johnroper100/lilypond-git/Documentation/scripts/build/out/xetex-with-options'
PERL='/usr/bin/perl'
PKG_CONFIG='pkg-config'
PLATFORM_WINDOWS='no'
PYTHON='/usr/bin/python'
PYTHON_CFLAGS='-I/usr/include/python2.7 -I/usr/include/i386-linux-gnu/python2.7  -fno-strict-aliasing -g -fstack-protector-strong  -g -fwrapv'
PYTHON_CONFIG='python-config'
PYTHON_LDFLAGS='-L/usr/lib/python2.7/config-i386-linux-gnu -L/usr/lib -lpython2.7 -lpthread -ldl  -lutil -lm  -Xlinker -export-dynamic -Wl,-O1 -Wl,-Bsymbolic-functions'
RANLIB='ranlib'
REQUIRED=''
ROOTSEP=':'
RSYNC='rsync'
SHELL='/bin/sh'
T1ASM='/usr/bin/t1asm'
TAR='tar'
TEXGYRE_DIR='/usr/share/texmf/fonts/opentype/public/tex-gyre'
TEXGYRE_FILES=' texgyreschola-regular.otf texgyreschola-italic.otf texgyreschola-bold.otf texgyreschola-bolditalic.otf texgyreheros-regular.otf texgyreheros-italic.otf texgyreheros-bold.otf texgyreheros-bolditalic.otf texgyrecursor-regular.otf texgyrecursor-italic.otf texgyrecursor-bold.otf texgyrecursor-bolditalic.otf'
TEXI2HTML='texi2html'
TEXI2PDF='texi2pdf'
TEXINDEX='texindex'
TOPLEVEL_VERSION='2.19.52'
URWOTF_DIR=''
URWOTF_FILES=''
USE_EXTRACTPDFMARK='no'
VERSION='2.19.52'
VPATH=''
WINDRES='- echo -windres windres not found'
YACC='bison -y'
YFLAGS=''
ZIP='zip -r -9'
ZIPDOC='zip'
ac_ct_CC='gcc'
ac_ct_CXX='g++'
bindir='${exec_prefix}/bin'
build='i686-pc-linux-gnu'
build_alias=''
build_cpu='i686'
build_os='linux-gnu'
build_package_datadir='/home/johnroper100/lilypond-git/Documentation/out/share/lilypond'
build_package_libdir='/home/johnroper100/lilypond-git/Documentation/out/lib/lilypond'
build_vendor='pc'
cross_compiling='no'
datadir='${datarootdir}'
datarootdir='${prefix}/share'
docdir='${datarootdir}/doc/${PACKAGE}'
dvidir='${docdir}'
exec_prefix='${prefix}'
host='i686-pc-linux-gnu'
host_alias=''
host_cpu='i686'
host_os='linux-gnu'
host_vendor='pc'
htmldir='${docdir}'
includedir='${prefix}/include'
infodir='${datarootdir}/info'
libdir='${exec_prefix}/lib'
libexecdir='${exec_prefix}/libexec'
localedir='${prefix}/share/locale'
localstatedir='${prefix}/var'
mandir='${datarootdir}/man'
oldincludedir='/usr/include'
package='lilypond'
package_depth='.'
pdfdir='${docdir}'
prefix='/usr/local'
program_prefix=''
program_suffix=''
program_transform_name='s,x,x,'
psdir='${docdir}'
sbindir='${exec_prefix}/sbin'
sharedstatedir='${prefix}/com'
srcdir='/home/johnroper100/lilypond-git'
stepmake='/home/johnroper100/lilypond-git/stepmake'
sysconfdir='${prefix}/etc'
target_alias=''
ugh_ugh_autoconf250_builddir='/home/johnroper100/lilypond-git/Documentation'

## ----------- ##
## confdefs.h. ##
## ----------- ##

/* confdefs.h */
#define PACKAGE_NAME ""
#define PACKAGE_TARNAME ""
#define PACKAGE_VERSION ""
#define PACKAGE_STRING ""
#define PACKAGE_BUGREPORT ""
#define PACKAGE_URL ""
#define PACKAGE "lilypond"
#define PACKAGE_NAME "LilyPond"
#define TOPLEVEL_VERSION "2.19.52"
#define DIRSEP '/'
#define PATHSEP ':'
#define DATADIR "/usr/local/share"
#define BUILD_PACKAGE_DATADIR "/home/johnroper100/lilypond-git/Documentation/out/share/lilypond"
#define LIBDIR "/usr/local/lib"
#define BUILD_PACKAGE_LIBDIR "/home/johnroper100/lilypond-git/Documentation/out/lib/lilypond"
#define HAVE_STL_DATA_METHOD 1
#define HAVE_LIBDL 1
#define HAVE_DLOPEN 1
#define STDC_HEADERS 1
#define HAVE_SYS_TYPES_H 1
#define HAVE_SYS_STAT_H 1
#define HAVE_STDLIB_H 1
#define HAVE_STRING_H 1
#define HAVE_MEMORY_H 1
#define HAVE_STRINGS_H 1
#define HAVE_INTTYPES_H 1
#define HAVE_STDINT_H 1
#define HAVE_UNISTD_H 1
#define HAVE_FLEXLEXER_H 1
#define LOCALEDIR "/usr/local/share/locale"
#define HAVE_GETTEXT 1
#define HAVE_LIBGUILE_H 1
#define HAVE_LIBGUILE 1
#define HAVE_SCM_BOOT_GUILE 1
#define GUILE_MAJOR_VERSION 1
#define GUILE_MINOR_VERSION 8
#define GUILE_PATCH_LEVEL 8
#define HAVE_CXA_DEMANGLE 1
#define HAVE_PYTHON_H 1
#define HAVE_ASSERT_H 1
#define HAVE_GRP_H 1
#define HAVE_LIBIO_H 1
#define HAVE_PWD_H 1
#define HAVE_SYS_STAT_H 1
#define HAVE_WCHAR_H 1
#define HAVE_FPU_CONTROL_H 1
#define HAVE_SSTREAM 1
#define HAVE_VPRINTF 1
#define HAVE_CHROOT 1
#define HAVE_FOPENCOOKIE 1
#define HAVE_GETTEXT 1
#define HAVE_ISINF 1
#define HAVE_MEMMEM 1
#define HAVE_SNPRINTF 1
#define HAVE_VSNPRINTF 1
#define HAVE_PANGO16 1
#define HAVE_PANGO_FT2 1
#define HAVE_PANGO_PANGOFT2_H 1
#define HAVE_PANGO_FT2_FONT_MAP_CREATE_CONTEXT 1
#define HAVE_FONTCONFIG 1
#define HAVE_FREETYPE2 1
#define DIRSEP '/'
#define PATHSEP ':'
#define FLOWER_VERSION ""

configure: exit 0
